Fri Apr 27 20:37:00 KST 2018 : starting "zoom_pavilion_faceTracker"
name= zoom_pavilion_faceTracker
Fri Apr 27 20:37:01 KST 2018 : starting "zoom_pavilion_faceTracker2"
name= zoom_pavilion_faceTracker2
Fri Apr 27 20:37:03 KST 2018 : starting "zoom_pavilion_blobCam"
name= zoom_pavilion_blobCam
Fri Apr 27 20:37:04 KST 2018 : starting "zoom_pavilion_blobCam2"
name= zoom_pavilion_blobCam2

Fri Apr 27 21:06:00 KST 2018 : starting "zoom_pavilion_faceTracker"
name= zoom_pavilion_faceTracker
Fri Apr 27 21:06:01 KST 2018 : starting "zoom_pavilion_faceTracker2"
name= zoom_pavilion_faceTracker2
Fri Apr 27 21:06:02 KST 2018 : starting "zoom_pavilion_blobCam"
name= zoom_pavilion_blobCam

Fri Apr 27 22:10:01 KST 2018 : starting "zoom_pavilion_blobCam"
name= zoom_pavilion_blobCam
Fri Apr 27 22:10:02 KST 2018 : starting "zoom_pavilion_blobCam2"
name= zoom_pavilion_blobCam2

Sun Apr 29 21:58:01 KST 2018 : starting "zoom_pavilion_faceTracker"
name= zoom_pavilion_faceTracker
Sun Apr 29 21:58:02 KST 2018 : starting "zoom_pavilion_faceTracker2"
name= zoom_pavilion_faceTracker2

Sun Apr 29 21:59:00 KST 2018 : starting "zoom_pavilion_faceTracker"
name= zoom_pavilion_faceTracker
Sun Apr 29 21:59:01 KST 2018 : starting "zoom_pavilion_faceTracker2"
name= zoom_pavilion_faceTracker2

Mon Apr 30 14:11:00 KST 2018 : starting "zoom_pavilion_blobCam"
name= zoom_pavilion_blobCam

Wed Jul  3 16:23:01 BST 2019 : starting "matrixDesk"
name= matrixDesk

Wed Jul  3 16:28:00 BST 2019 : starting "matrixDesk"
name= matrixDesk

Wed Jul  3 16:29:00 BST 2019 : starting "matrixDesk"
name= matrixDesk

Wed Jul  3 18:48:00 BST 2019 : starting "matrixDesk"
name= matrixDesk

Wed Jul  3 20:49:00 BST 2019 : starting "matrixDesk"
name= matrixDesk

Thu Jul  4 00:50:01 BST 2019 : starting "matrixDesk"
name= matrixDesk

Thu Jul  4 01:00:47 BST 2019 : starting "matrixDesk"
name= matrixDesk

Thu Jul  4 01:01:00 BST 2019 : starting "matrixDesk"
name= matrixDesk

Thu Jul  4 05:02:01 BST 2019 : starting "matrixDesk"
name= matrixDesk

Thu Jul  4 07:03:01 BST 2019 : starting "matrixDesk"
name= matrixDesk

Thu Jul  4 09:04:00 BST 2019 : starting "matrixDesk"
name= matrixDesk

Thu Jul  4 10:01:00 BST 2019 : starting "matrixDesk"
name= matrixDesk

Fri Jul  5 10:57:00 BST 2019 : starting "matrixDesk"
name= matrixDesk

Fri Jul  5 11:03:01 BST 2019 : starting "matrixDesk"
name= matrixDesk

Fri Jul  5 12:10:00 BST 2019 : starting "matrixDesk"
name= matrixDesk

Sun Jul  7 17:33:00 BST 2019 : starting "matrixDesk"
name= matrixDesk

Sun Jul  7 17:41:00 BST 2019 : starting "matrixDesk"
name= matrixDesk

Tue Aug  6 21:13:01 BST 2019 : starting "matrixDesk"
name= matrixDesk

Tue Aug  6 21:14:00 BST 2019 : starting "matrixDesk"
name= matrixDesk

Tue Aug  6 21:15:00 BST 2019 : starting "matrixDesk"
name= matrixDesk

Tue Aug  6 21:16:00 BST 2019 : starting "matrixDesk"
name= matrixDesk

Tue Aug  6 21:17:00 BST 2019 : starting "matrixDesk"
name= matrixDesk

Tue Aug  6 21:18:00 BST 2019 : starting "matrixDesk"
name= matrixDesk

Tue Aug  6 21:19:01 BST 2019 : starting "matrixDesk"
name= matrixDesk

Tue Aug  6 21:20:00 BST 2019 : starting "matrixDesk"
name= matrixDesk

Tue Aug  6 21:21:00 BST 2019 : starting "matrixDesk"
name= matrixDesk

Tue Aug  6 21:22:00 BST 2019 : starting "matrixDesk"
name= matrixDesk

Tue Aug  6 21:23:00 BST 2019 : starting "matrixDesk"
name= matrixDesk

Tue Aug  6 21:24:00 BST 2019 : starting "matrixDesk"
name= matrixDesk

Tue Aug  6 21:25:00 BST 2019 : starting "matrixDesk"
name= matrixDesk

Tue Aug  6 21:26:00 BST 2019 : starting "matrixDesk"
name= matrixDesk

Tue Aug  6 21:27:00 BST 2019 : starting "matrixDesk"
name= matrixDesk

Tue Aug  6 21:28:00 BST 2019 : starting "matrixDesk"
name= matrixDesk

Tue Aug  6 21:29:00 BST 2019 : starting "matrixDesk"
name= matrixDesk

Tue Aug  6 21:30:00 BST 2019 : starting "matrixDesk"
name= matrixDesk

Tue Aug  6 21:31:00 BST 2019 : starting "matrixDesk"
name= matrixDesk

Tue Aug  6 21:32:00 BST 2019 : starting "matrixDesk"
name= matrixDesk

Tue Aug  6 21:33:00 BST 2019 : starting "matrixDesk"
name= matrixDesk

Tue Aug  6 21:34:01 BST 2019 : starting "matrixDesk"
name= matrixDesk

Tue Aug  6 21:35:00 BST 2019 : starting "matrixDesk"
name= matrixDesk

Tue Aug  6 21:36:00 BST 2019 : starting "matrixDesk"
name= matrixDesk

Tue Aug  6 21:37:00 BST 2019 : starting "matrixDesk"
name= matrixDesk

Tue Aug  6 21:38:00 BST 2019 : starting "matrixDesk"
name= matrixDesk

Tue Aug  6 21:39:00 BST 2019 : starting "matrixDesk"
name= matrixDesk

Tue Aug  6 21:40:00 BST 2019 : starting "matrixDesk"
name= matrixDesk

Tue Aug  6 21:41:01 BST 2019 : starting "matrixDesk"
name= matrixDesk

Tue Aug  6 21:42:00 BST 2019 : starting "matrixDesk"
name= matrixDesk

Tue Aug  6 21:43:00 BST 2019 : starting "matrixDesk"
name= matrixDesk

Tue Aug  6 21:44:00 BST 2019 : starting "matrixDesk"
name= matrixDesk

Tue Aug  6 21:45:00 BST 2019 : starting "matrixDesk"
name= matrixDesk

Tue Aug  6 21:46:00 BST 2019 : starting "matrixDesk"
name= matrixDesk

Tue Aug  6 21:47:01 BST 2019 : starting "matrixDesk"
name= matrixDesk

Tue Aug  6 21:48:00 BST 2019 : starting "matrixDesk"
name= matrixDesk

Tue Aug  6 21:49:00 BST 2019 : starting "matrixDesk"
name= matrixDesk

Tue Aug  6 21:50:00 BST 2019 : starting "matrixDesk"
name= matrixDesk

Tue Aug  6 21:51:00 BST 2019 : starting "matrixDesk"
name= matrixDesk

Tue Aug  6 21:52:00 BST 2019 : starting "matrixDesk"
name= matrixDesk

Tue Aug  6 21:53:00 BST 2019 : starting "matrixDesk"
name= matrixDesk

Tue Aug  6 21:54:00 BST 2019 : starting "matrixDesk"
name= matrixDesk

Tue Aug  6 21:55:00 BST 2019 : starting "matrixDesk"
name= matrixDesk

Tue Aug  6 21:56:00 BST 2019 : starting "matrixDesk"
name= matrixDesk

Tue Aug  6 21:57:00 BST 2019 : starting "matrixDesk"
name= matrixDesk

Tue Aug  6 21:58:00 BST 2019 : starting "matrixDesk"
name= matrixDesk

Tue Aug  6 21:59:01 BST 2019 : starting "matrixDesk"
name= matrixDesk

Tue Aug  6 22:00:00 BST 2019 : starting "matrixDesk"
name= matrixDesk

Tue Aug  6 22:01:00 BST 2019 : starting "matrixDesk"
name= matrixDesk

Tue Aug  6 22:02:00 BST 2019 : starting "matrixDesk"
name= matrixDesk

Tue Aug  6 22:03:00 BST 2019 : starting "matrixDesk"
name= matrixDesk

Tue Aug  6 22:04:00 BST 2019 : starting "matrixDesk"
name= matrixDesk

Tue Aug  6 22:05:00 BST 2019 : starting "matrixDesk"
name= matrixDesk

Tue Aug  6 22:06:00 BST 2019 : starting "matrixDesk"
name= matrixDesk

Tue Aug  6 22:07:00 BST 2019 : starting "matrixDesk"
name= matrixDesk

Tue Aug  6 22:08:00 BST 2019 : starting "matrixDesk"
name= matrixDesk

Tue Aug  6 22:09:00 BST 2019 : starting "matrixDesk"
name= matrixDesk

Tue Aug  6 22:10:00 BST 2019 : starting "matrixDesk"
name= matrixDesk

Tue Aug  6 22:11:00 BST 2019 : starting "matrixDesk"
name= matrixDesk

Tue Aug  6 22:12:01 BST 2019 : starting "matrixDesk"
name= matrixDesk

Tue Aug  6 22:13:00 BST 2019 : starting "matrixDesk"
name= matrixDesk

Tue Aug  6 22:14:00 BST 2019 : starting "matrixDesk"
name= matrixDesk

Tue Aug  6 22:15:00 BST 2019 : starting "matrixDesk"
name= matrixDesk

Tue Aug  6 22:16:00 BST 2019 : starting "matrixDesk"
name= matrixDesk

Tue Aug  6 22:17:00 BST 2019 : starting "matrixDesk"
name= matrixDesk

Tue Aug  6 22:18:00 BST 2019 : starting "matrixDesk"
name= matrixDesk

Tue Aug  6 22:19:00 BST 2019 : starting "matrixDesk"
name= matrixDesk

Tue Aug  6 22:20:00 BST 2019 : starting "matrixDesk"
name= matrixDesk

Tue Aug  6 22:21:00 BST 2019 : starting "matrixDesk"
name= matrixDesk

Tue Aug  6 22:22:00 BST 2019 : starting "matrixDesk"
name= matrixDesk

Tue Aug  6 22:23:00 BST 2019 : starting "matrixDesk"
name= matrixDesk

Tue Aug  6 22:24:00 BST 2019 : starting "matrixDesk"
name= matrixDesk

Tue Aug  6 22:25:00 BST 2019 : starting "matrixDesk"
name= matrixDesk

Tue Aug  6 22:26:00 BST 2019 : starting "matrixDesk"
name= matrixDesk

Tue Aug  6 22:27:01 BST 2019 : starting "matrixDesk"
name= matrixDesk

Tue Aug  6 22:28:00 BST 2019 : starting "matrixDesk"
name= matrixDesk

Tue Aug  6 22:29:00 BST 2019 : starting "matrixDesk"
name= matrixDesk

Tue Aug  6 22:30:00 BST 2019 : starting "matrixDesk"
name= matrixDesk

Tue Aug  6 22:31:01 BST 2019 : starting "matrixDesk"
name= matrixDesk

Tue Aug  6 22:32:00 BST 2019 : starting "matrixDesk"
name= matrixDesk

Tue Aug  6 22:33:00 BST 2019 : starting "matrixDesk"
name= matrixDesk

Tue Aug  6 22:34:00 BST 2019 : starting "matrixDesk"
name= matrixDesk

Tue Aug  6 22:35:00 BST 2019 : starting "matrixDesk"
name= matrixDesk

Tue Aug  6 22:36:00 BST 2019 : starting "matrixDesk"
name= matrixDesk

Tue Aug  6 22:37:00 BST 2019 : starting "matrixDesk"
name= matrixDesk

Tue Aug  6 22:38:00 BST 2019 : starting "matrixDesk"
name= matrixDesk

Tue Aug  6 22:39:00 BST 2019 : starting "matrixDesk"
name= matrixDesk

Tue Aug  6 22:40:00 BST 2019 : starting "matrixDesk"
name= matrixDesk

Tue Aug  6 22:41:01 BST 2019 : starting "matrixDesk"
name= matrixDesk

Tue Aug  6 22:42:00 BST 2019 : starting "matrixDesk"
name= matrixDesk

Tue Aug  6 22:43:00 BST 2019 : starting "matrixDesk"
name= matrixDesk

Tue Aug  6 22:44:00 BST 2019 : starting "matrixDesk"
name= matrixDesk

Tue Aug  6 22:45:00 BST 2019 : starting "matrixDesk"
name= matrixDesk

Tue Aug  6 22:46:01 BST 2019 : starting "matrixDesk"
name= matrixDesk

Tue Aug  6 22:47:00 BST 2019 : starting "matrixDesk"
name= matrixDesk

Tue Aug  6 22:48:00 BST 2019 : starting "matrixDesk"
name= matrixDesk

Tue Aug  6 22:49:00 BST 2019 : starting "matrixDesk"
name= matrixDesk

Tue Aug  6 22:50:00 BST 2019 : starting "matrixDesk"
name= matrixDesk

Tue Aug  6 22:51:00 BST 2019 : starting "matrixDesk"
name= matrixDesk

Tue Aug  6 22:52:00 BST 2019 : starting "matrixDesk"
name= matrixDesk

Tue Aug  6 22:53:00 BST 2019 : starting "matrixDesk"
name= matrixDesk

Tue Aug  6 22:54:00 BST 2019 : starting "matrixDesk"
name= matrixDesk

Tue Aug  6 22:55:00 BST 2019 : starting "matrixDesk"
name= matrixDesk

Tue Aug  6 22:56:01 BST 2019 : starting "matrixDesk"
name= matrixDesk

Tue Aug  6 22:57:00 BST 2019 : starting "matrixDesk"
name= matrixDesk

Tue Aug  6 22:58:00 BST 2019 : starting "matrixDesk"
name= matrixDesk

Tue Aug  6 22:59:00 BST 2019 : starting "matrixDesk"
name= matrixDesk

Tue Aug  6 23:00:01 BST 2019 : starting "matrixDesk"
name= matrixDesk

Tue Aug  6 23:01:00 BST 2019 : starting "matrixDesk"
name= matrixDesk

Tue Aug  6 23:02:00 BST 2019 : starting "matrixDesk"
name= matrixDesk

Tue Aug  6 23:03:00 BST 2019 : starting "matrixDesk"
name= matrixDesk

Tue Aug  6 23:04:00 BST 2019 : starting "matrixDesk"
name= matrixDesk

Tue Aug  6 23:05:01 BST 2019 : starting "matrixDesk"
name= matrixDesk

Tue Aug  6 23:06:00 BST 2019 : starting "matrixDesk"
name= matrixDesk

Tue Aug  6 23:07:00 BST 2019 : starting "matrixDesk"
name= matrixDesk

Tue Aug  6 23:08:00 BST 2019 : starting "matrixDesk"
name= matrixDesk

Tue Aug  6 23:09:00 BST 2019 : starting "matrixDesk"
name= matrixDesk

Tue Aug  6 23:10:01 BST 2019 : starting "matrixDesk"
name= matrixDesk

Tue Aug  6 23:11:00 BST 2019 : starting "matrixDesk"
name= matrixDesk

Tue Aug  6 23:12:00 BST 2019 : starting "matrixDesk"
name= matrixDesk

Tue Aug  6 23:13:00 BST 2019 : starting "matrixDesk"
name= matrixDesk

Tue Aug  6 23:14:00 BST 2019 : starting "matrixDesk"
name= matrixDesk

Tue Aug  6 23:15:00 BST 2019 : starting "matrixDesk"
name= matrixDesk

Tue Aug  6 23:16:00 BST 2019 : starting "matrixDesk"
name= matrixDesk

Thu Aug  8 15:56:00 BST 2019 : starting "matrixDesk"
name= matrixDesk

Thu Aug  8 15:57:01 BST 2019 : starting "matrixDesk"
name= matrixDesk

Thu Aug  8 15:58:00 BST 2019 : starting "matrixDesk"
name= matrixDesk

Thu Aug  8 15:59:00 BST 2019 : starting "matrixDesk"
name= matrixDesk

Thu Aug  8 16:00:00 BST 2019 : starting "matrixDesk"
name= matrixDesk

Thu Aug  8 16:01:00 BST 2019 : starting "matrixDesk"
name= matrixDesk

Thu Aug  8 16:02:01 BST 2019 : starting "matrixDesk"
name= matrixDesk

Thu Aug  8 16:03:00 BST 2019 : starting "matrixDesk"
name= matrixDesk

Thu Aug  8 16:04:00 BST 2019 : starting "matrixDesk"
name= matrixDesk

Thu Aug  8 16:05:00 BST 2019 : starting "matrixDesk"
name= matrixDesk

Thu Aug  8 16:06:01 BST 2019 : starting "matrixDesk"
name= matrixDesk

Thu Aug  8 16:07:00 BST 2019 : starting "matrixDesk"
name= matrixDesk

Thu Aug  8 16:08:00 BST 2019 : starting "matrixDesk"
name= matrixDesk

Thu Aug  8 16:09:00 BST 2019 : starting "matrixDesk"
name= matrixDesk

Thu Aug  8 16:10:00 BST 2019 : starting "matrixDesk"
name= matrixDesk

Thu Aug  8 16:11:01 BST 2019 : starting "matrixDesk"
name= matrixDesk

Thu Aug  8 16:12:00 BST 2019 : starting "matrixDesk"
name= matrixDesk

Thu Aug  8 16:13:00 BST 2019 : starting "matrixDesk"
name= matrixDesk

Thu Aug  8 16:14:00 BST 2019 : starting "matrixDesk"
name= matrixDesk

Thu Aug  8 16:15:00 BST 2019 : starting "matrixDesk"
name= matrixDesk

Thu Aug  8 16:16:01 BST 2019 : starting "matrixDesk"
name= matrixDesk

Thu Aug  8 16:17:00 BST 2019 : starting "matrixDesk"
name= matrixDesk

Thu Aug  8 16:18:00 BST 2019 : starting "matrixDesk"
name= matrixDesk

Thu Aug  8 16:19:00 BST 2019 : starting "matrixDesk"
name= matrixDesk

Thu Aug  8 16:20:01 BST 2019 : starting "matrixDesk"
name= matrixDesk

Thu Aug  8 16:21:00 BST 2019 : starting "matrixDesk"
name= matrixDesk

Thu Aug  8 16:22:00 BST 2019 : starting "matrixDesk"
name= matrixDesk

Thu Aug  8 16:23:00 BST 2019 : starting "matrixDesk"
name= matrixDesk

Thu Aug  8 16:24:00 BST 2019 : starting "matrixDesk"
name= matrixDesk

Thu Aug  8 16:25:00 BST 2019 : starting "matrixDesk"
name= matrixDesk

Thu Aug  8 16:26:00 BST 2019 : starting "matrixDesk"
name= matrixDesk

Thu Aug  8 16:27:00 BST 2019 : starting "matrixDesk"
name= matrixDesk

Thu Aug  8 16:28:01 BST 2019 : starting "matrixDesk"
name= matrixDesk

Thu Aug  8 16:29:00 BST 2019 : starting "matrixDesk"
name= matrixDesk

Thu Aug  8 16:30:00 BST 2019 : starting "matrixDesk"
name= matrixDesk

Thu Aug  8 16:31:00 BST 2019 : starting "matrixDesk"
name= matrixDesk

Thu Aug  8 16:32:00 BST 2019 : starting "matrixDesk"
name= matrixDesk

Thu Aug  8 16:33:00 BST 2019 : starting "matrixDesk"
name= matrixDesk

Thu Aug  8 16:34:00 BST 2019 : starting "matrixDesk"
name= matrixDesk

Thu Aug  8 16:35:00 BST 2019 : starting "matrixDesk"
name= matrixDesk

Thu Aug  8 16:36:00 BST 2019 : starting "matrixDesk"
name= matrixDesk

Thu Aug  8 16:37:00 BST 2019 : starting "matrixDesk"
name= matrixDesk

Thu Aug  8 16:44:28 BST 2019 : starting "matrixDesk"
name= matrixDesk

Thu Aug  8 16:45:00 BST 2019 : starting "matrixDesk"
name= matrixDesk

Thu Aug  8 16:46:00 BST 2019 : starting "matrixDesk"
name= matrixDesk

Thu Aug  8 16:47:00 BST 2019 : starting "matrixDesk"
name= matrixDesk

Thu Aug  8 16:48:00 BST 2019 : starting "matrixDesk"
name= matrixDesk

Thu Aug  8 16:49:00 BST 2019 : starting "matrixDesk"
name= matrixDesk

Thu Aug  8 16:50:00 BST 2019 : starting "matrixDesk"
name= matrixDesk

Thu Aug  8 16:51:01 BST 2019 : starting "matrixDesk"
name= matrixDesk

Thu Aug  8 16:52:00 BST 2019 : starting "matrixDesk"
name= matrixDesk

Thu Aug  8 16:53:00 BST 2019 : starting "matrixDesk"
name= matrixDesk

Thu Aug  8 16:54:00 BST 2019 : starting "matrixDesk"
name= matrixDesk

Thu Aug  8 16:55:01 BST 2019 : starting "matrixDesk"
name= matrixDesk

Thu Aug  8 16:56:00 BST 2019 : starting "matrixDesk"
name= matrixDesk

Thu Aug  8 16:57:00 BST 2019 : starting "matrixDesk"
name= matrixDesk

Thu Aug  8 16:58:00 BST 2019 : starting "matrixDesk"
name= matrixDesk

Thu Aug  8 16:59:01 BST 2019 : starting "matrixDesk"
name= matrixDesk

Thu Aug  8 17:00:00 BST 2019 : starting "matrixDesk"
name= matrixDesk

Thu Aug  8 17:01:00 BST 2019 : starting "matrixDesk"
name= matrixDesk

Thu Aug  8 17:02:00 BST 2019 : starting "matrixDesk"
name= matrixDesk

Thu Aug  8 17:03:00 BST 2019 : starting "matrixDesk"
name= matrixDesk

Thu Aug  8 17:04:00 BST 2019 : starting "matrixDesk"
name= matrixDesk

Thu Aug  8 17:05:00 BST 2019 : starting "matrixDesk"
name= matrixDesk

Thu Aug  8 17:06:00 BST 2019 : starting "matrixDesk"
name= matrixDesk

Thu Aug  8 17:07:00 BST 2019 : starting "matrixDesk"
name= matrixDesk

Thu Aug  8 17:08:01 BST 2019 : starting "matrixDesk"
name= matrixDesk

Thu Aug  8 17:09:00 BST 2019 : starting "matrixDesk"
name= matrixDesk

Thu Aug  8 17:10:00 BST 2019 : starting "matrixDesk"
name= matrixDesk

Thu Aug  8 17:11:00 BST 2019 : starting "matrixDesk"
name= matrixDesk

Thu Aug  8 17:12:00 BST 2019 : starting "matrixDesk"
name= matrixDesk

Thu Aug  8 17:13:00 BST 2019 : starting "matrixDesk"
name= matrixDesk

Thu Aug  8 17:14:00 BST 2019 : starting "matrixDesk"
name= matrixDesk

Thu Aug  8 17:15:00 BST 2019 : starting "matrixDesk"
name= matrixDesk

Thu Aug  8 17:16:01 BST 2019 : starting "matrixDesk"
name= matrixDesk

Thu Aug  8 17:17:00 BST 2019 : starting "matrixDesk"
name= matrixDesk

Thu Aug  8 17:18:00 BST 2019 : starting "matrixDesk"
name= matrixDesk

Thu Aug  8 17:19:00 BST 2019 : starting "matrixDesk"
name= matrixDesk

Thu Aug  8 17:20:01 BST 2019 : starting "matrixDesk"
name= matrixDesk

Thu Aug  8 17:21:00 BST 2019 : starting "matrixDesk"
name= matrixDesk

Thu Aug  8 17:22:00 BST 2019 : starting "matrixDesk"
name= matrixDesk

Thu Aug  8 17:23:00 BST 2019 : starting "matrixDesk"
name= matrixDesk

Thu Aug  8 17:24:01 BST 2019 : starting "matrixDesk"
name= matrixDesk

Thu Aug  8 17:25:00 BST 2019 : starting "matrixDesk"
name= matrixDesk

Thu Aug  8 17:26:00 BST 2019 : starting "matrixDesk"
name= matrixDesk

Thu Aug  8 17:27:00 BST 2019 : starting "matrixDesk"
name= matrixDesk

Thu Aug  8 17:28:00 BST 2019 : starting "matrixDesk"
name= matrixDesk

Thu Aug  8 17:29:01 BST 2019 : starting "matrixDesk"
name= matrixDesk

Thu Aug  8 17:30:00 BST 2019 : starting "matrixDesk"
name= matrixDesk

Thu Aug  8 17:31:00 BST 2019 : starting "matrixDesk"
name= matrixDesk

Thu Aug  8 17:32:00 BST 2019 : starting "matrixDesk"
name= matrixDesk

Thu Aug  8 17:33:01 BST 2019 : starting "matrixDesk"
name= matrixDesk

Thu Aug  8 17:34:00 BST 2019 : starting "matrixDesk"
name= matrixDesk

Thu Aug  8 17:35:00 BST 2019 : starting "matrixDesk"
name= matrixDesk

Thu Aug  8 17:36:00 BST 2019 : starting "matrixDesk"
name= matrixDesk

Thu Aug  8 17:37:01 BST 2019 : starting "matrixDesk"
name= matrixDesk

Thu Aug  8 17:38:00 BST 2019 : starting "matrixDesk"
name= matrixDesk

Thu Aug  8 17:39:00 BST 2019 : starting "matrixDesk"
name= matrixDesk

Thu Aug  8 17:40:00 BST 2019 : starting "matrixDesk"
name= matrixDesk

Wed Aug 28 17:38:01 BST 2019 : starting "matrixDesk"
name= matrixDesk

Wed Aug 28 17:39:25 BST 2019 : starting "matrixDesk"
name= matrixDesk

Wed Aug 28 17:40:00 BST 2019 : starting "matrixDesk"
name= matrixDesk

Wed Aug 28 17:41:00 BST 2019 : starting "matrixDesk"
name= matrixDesk

Wed Aug 28 17:42:00 BST 2019 : starting "matrixDesk"
name= matrixDesk

Wed Aug 28 17:43:00 BST 2019 : starting "matrixDesk"
name= matrixDesk

Thu Sep  5 16:53:01 EDT 2019 : starting "voiceBridge"
name= voiceBridge

Thu Sep  5 17:04:01 EDT 2019 : starting "voiceBridge"
name= voiceBridge

Thu Sep  5 17:06:00 EDT 2019 : starting "voiceBridge"
name= voiceBridge

Thu Sep  5 17:08:00 EDT 2019 : starting "voiceBridge"
name= voiceBridge

Thu Sep  5 17:10:00 EDT 2019 : starting "voiceBridge"
name= voiceBridge

Thu Sep  5 17:11:00 EDT 2019 : starting "voiceBridge"
name= voiceBridge

Thu Sep  5 21:52:00 EDT 2019 : starting "voiceBridge"
name= voiceBridge

Thu Sep  5 21:55:00 EDT 2019 : starting "voiceBridge"
name= voiceBridge

Fri Sep  6 12:28:00 EDT 2019 : starting "voiceBridge"
name= voiceBridge

Fri Sep  6 15:08:00 EDT 2019 : starting "voiceBridge"
name= voiceBridge

Fri Sep  6 15:21:00 EDT 2019 : starting "voiceBridge"
name= voiceBridge

Fri Sep  6 15:22:00 EDT 2019 : starting "voiceBridge"
name= voiceBridge

Fri Sep  6 16:46:01 EDT 2019 : killed "voiceBridge" with PID 29325
Fri Sep  6 16:46:01 EDT 2019 : starting "voiceBridge"
name= voiceBridge

Sat Sep  7 09:08:00 EDT 2019 : starting "voiceBridge"
name= voiceBridge

Sat Sep  7 10:27:00 EDT 2019 : starting "voiceBridge"
name= voiceBridge

Sat Sep  7 10:31:00 EDT 2019 : starting "voiceBridge"
name= voiceBridge

Sat Sep  7 10:36:00 EDT 2019 : starting "voiceBridge"
name= voiceBridge

Sat Sep  7 10:47:00 EDT 2019 : starting "voiceBridge"
name= voiceBridge

Sat Sep  7 11:29:00 EDT 2019 : starting "voiceBridge"
name= voiceBridge

Sat Sep  7 14:23:01 EDT 2019 : killed "voiceBridge" with PID 35395
Sat Sep  7 14:23:01 EDT 2019 : starting "voiceBridge"
name= voiceBridge

Sat Sep  7 16:03:01 EDT 2019 : killed "voiceBridge" with PID 41554
Sat Sep  7 16:03:01 EDT 2019 : starting "voiceBridge"
name= voiceBridge

Sat Sep  7 16:25:01 EDT 2019 : killed "voiceBridge" with PID 45050
Sat Sep  7 16:25:01 EDT 2019 : starting "voiceBridge"
name= voiceBridge

Sat Sep  7 17:25:01 EDT 2019 : killed "voiceBridge" with PID 45834
Sat Sep  7 17:25:01 EDT 2019 : starting "voiceBridge"
name= voiceBridge

Sat Sep  7 21:23:01 EDT 2019 : killed "voiceBridge" with PID 47849
Sat Sep  7 21:23:01 EDT 2019 : starting "voiceBridge"
name= voiceBridge

Sun Sep  8 08:06:00 EDT 2019 : starting "voiceBridge"
name= voiceBridge

Sun Sep  8 08:15:00 EDT 2019 : starting "voiceBridge"
name= voiceBridge

Sun Sep  8 08:16:01 EDT 2019 : killed "voiceBridge" with PID 452
Sun Sep  8 08:16:01 EDT 2019 : starting "voiceBridge"
name= voiceBridge

Sun Sep  8 08:21:00 EDT 2019 : starting "voiceBridge"
name= voiceBridge

Sun Sep  8 08:22:01 EDT 2019 : killed "voiceBridge" with PID 460
Sun Sep  8 08:22:01 EDT 2019 : starting "voiceBridge"
name= voiceBridge

Sun Sep  8 08:28:00 EDT 2019 : starting "voiceBridge"
name= voiceBridge

Sun Sep  8 09:18:00 EDT 2019 : starting "voiceBridge"
name= voiceBridge

Sun Sep  8 09:20:01 EDT 2019 : starting "voiceBridge"
name= voiceBridge

Fri Oct 18 09:51:00 EDT 2019 : starting "NDI-mic-sender"
name= NDI-mic-sender
NDI-matrix-receiver : no beat yet: /Applications/of_v0.10.1_osx_release/apps/borderTuner/NDI-matrix-receiver/bin/data/runLogs/heartbeat.txt

Fri Oct 18 09:52:00 EDT 2019 : starting "NDI-mic-sender"
name= NDI-mic-sender
NDI-matrix-receiver : no beat yet: /Applications/of_v0.10.1_osx_release/apps/borderTuner/NDI-matrix-receiver/bin/data/runLogs/heartbeat.txt

Fri Oct 18 09:53:00 EDT 2019 : starting "NDI-mic-sender"
name= NDI-mic-sender

Fri Oct 18 09:54:00 EDT 2019 : starting "NDI-mic-sender"
name= NDI-mic-sender

Fri Oct 18 09:55:01 EDT 2019 : starting "NDI-mic-sender"
name= NDI-mic-sender

Fri Oct 18 09:56:00 EDT 2019 : starting "NDI-mic-sender"
name= NDI-mic-sender

Fri Oct 18 09:57:00 EDT 2019 : starting "NDI-mic-sender"
name= NDI-mic-sender

Fri Oct 18 10:22:01 EDT 2019 : starting "NDI-mic-sender"
name= NDI-mic-sender

